{"/Users/ralphdas/Dropbox/Projects/software-bastards/src/index.ts": {"path":"/Users/ralphdas/Dropbox/Projects/software-bastards/src/index.ts","statementMap":{"0":{"start":{"line":1,"column":0},"end":{"line":1,"column":47}},"1":{"start":{"line":2,"column":0},"end":{"line":2,"column":null}},"2":{"start":{"line":8,"column":0},"end":{"line":8,"column":75}},"3":{"start":{"line":9,"column":0},"end":{"line":9,"column":53}},"4":{"start":{"line":20,"column":2},"end":{"line":26,"column":null}},"5":{"start":{"line":21,"column":4},"end":{"line":21,"column":52}},"6":{"start":{"line":23,"column":4},"end":{"line":25,"column":6}},"7":{"start":{"line":28,"column":2},"end":{"line":30,"column":null}},"8":{"start":{"line":29,"column":4},"end":{"line":29,"column":61}},"9":{"start":{"line":32,"column":64},"end":{"line":34,"column":null}},"10":{"start":{"line":32,"column":28},"end":{"line":32,"column":30}},"11":{"start":{"line":32,"column":50},"end":{"line":32,"column":64}},"12":{"start":{"line":36,"column":2},"end":{"line":38,"column":null}},"13":{"start":{"line":37,"column":4},"end":{"line":37,"column":59}},"14":{"start":{"line":39,"column":2},"end":{"line":41,"column":null}},"15":{"start":{"line":40,"column":4},"end":{"line":40,"column":59}},"16":{"start":{"line":42,"column":2},"end":{"line":44,"column":null}},"17":{"start":{"line":43,"column":4},"end":{"line":43,"column":17}},"18":{"start":{"line":45,"column":2},"end":{"line":47,"column":null}},"19":{"start":{"line":46,"column":4},"end":{"line":46,"column":17}},"20":{"start":{"line":48,"column":2},"end":{"line":48,"column":46}},"21":{"start":{"line":18,"column":0},"end":{"line":18,"column":16}},"22":{"start":{"line":51,"column":13},"end":{"line":51,"column":39}}},"fnMap":{"0":{"name":"validate","decl":{"start":{"line":18,"column":16},"end":{"line":18,"column":24}},"loc":{"start":{"line":18,"column":47},"end":{"line":49,"column":1}}}},"branchMap":{"0":{"loc":{"start":{"line":21,"column":33},"end":{"line":21,"column":35}},"type":"cond-expr","locations":[{"start":{"line":21,"column":33},"end":{"line":21,"column":35}},{"start":{"line":21,"column":35},"end":{"line":21,"column":40}}]},"1":{"loc":{"start":{"line":28,"column":2},"end":{"line":30,"column":null}},"type":"if","locations":[{"start":{"line":28,"column":2},"end":{"line":30,"column":null}},{"start":{"line":28,"column":2},"end":{"line":30,"column":null}}]},"2":{"loc":{"start":{"line":36,"column":2},"end":{"line":38,"column":null}},"type":"if","locations":[{"start":{"line":36,"column":2},"end":{"line":38,"column":null}},{"start":{"line":36,"column":2},"end":{"line":38,"column":null}}]},"3":{"loc":{"start":{"line":39,"column":2},"end":{"line":41,"column":null}},"type":"if","locations":[{"start":{"line":39,"column":2},"end":{"line":41,"column":null}},{"start":{"line":39,"column":2},"end":{"line":41,"column":null}}]},"4":{"loc":{"start":{"line":42,"column":2},"end":{"line":44,"column":null}},"type":"if","locations":[{"start":{"line":42,"column":2},"end":{"line":44,"column":null}},{"start":{"line":42,"column":2},"end":{"line":44,"column":null}}]},"5":{"loc":{"start":{"line":42,"column":6},"end":{"line":42,"column":25}},"type":"binary-expr","locations":[{"start":{"line":42,"column":6},"end":{"line":42,"column":25}},{"start":{"line":42,"column":29},"end":{"line":42,"column":68}}]},"6":{"loc":{"start":{"line":45,"column":2},"end":{"line":47,"column":null}},"type":"if","locations":[{"start":{"line":45,"column":2},"end":{"line":47,"column":null}},{"start":{"line":45,"column":2},"end":{"line":47,"column":null}}]},"7":{"loc":{"start":{"line":45,"column":6},"end":{"line":45,"column":27}},"type":"binary-expr","locations":[{"start":{"line":45,"column":6},"end":{"line":45,"column":27}},{"start":{"line":45,"column":31},"end":{"line":45,"column":74}}]}},"s":{"0":2,"1":2,"2":2,"3":2,"4":12,"5":12,"6":1,"7":11,"8":0,"9":11,"10":11,"11":11,"12":11,"13":2,"14":8,"15":1,"16":7,"17":0,"18":6,"19":0,"20":5,"21":2,"22":2},"f":{"0":12},"b":{"0":[11,0],"1":[0,11],"2":[2,8],"3":[1,7],"4":[0,6],"5":[7,7],"6":[0,5],"7":[6,6]}}
,"/Users/ralphdas/Dropbox/Projects/software-bastards/src/lib/config.ts": {"path":"/Users/ralphdas/Dropbox/Projects/software-bastards/src/lib/config.ts","statementMap":{"0":{"start":{"line":2,"column":13},"end":{"line":9,"column":2}},"1":{"start":{"line":12,"column":13},"end":{"line":15,"column":2}}},"fnMap":{},"branchMap":{},"s":{"0":2,"1":2},"f":{},"b":{}}
,"/Users/ralphdas/Dropbox/Projects/software-bastards/src/lib/precheck.ts": {"path":"/Users/ralphdas/Dropbox/Projects/software-bastards/src/lib/precheck.ts","statementMap":{"0":{"start":{"line":1,"column":0},"end":{"line":1,"column":40}},"1":{"start":{"line":3,"column":0},"end":{"line":3,"column":49}},"2":{"start":{"line":12,"column":21},"end":{"line":12,"column":40}},"3":{"start":{"line":13,"column":21},"end":{"line":13,"column":40}},"4":{"start":{"line":15,"column":19},"end":{"line":15,"column":72}},"5":{"start":{"line":15,"column":46},"end":{"line":15,"column":72}},"6":{"start":{"line":16,"column":2},"end":{"line":20,"column":null}},"7":{"start":{"line":17,"column":4},"end":{"line":19,"column":6}},"8":{"start":{"line":21,"column":2},"end":{"line":21,"column":14}},"9":{"start":{"line":11,"column":0},"end":{"line":11,"column":16}},"10":{"start":{"line":34,"column":21},"end":{"line":34,"column":40}},"11":{"start":{"line":35,"column":21},"end":{"line":35,"column":40}},"12":{"start":{"line":36,"column":19},"end":{"line":36,"column":72}},"13":{"start":{"line":36,"column":46},"end":{"line":36,"column":72}},"14":{"start":{"line":37,"column":2},"end":{"line":41,"column":null}},"15":{"start":{"line":38,"column":4},"end":{"line":40,"column":6}},"16":{"start":{"line":42,"column":2},"end":{"line":42,"column":14}},"17":{"start":{"line":30,"column":0},"end":{"line":30,"column":16}},"18":{"start":{"line":52,"column":2},"end":{"line":54,"column":null}},"19":{"start":{"line":53,"column":4},"end":{"line":53,"column":17}},"20":{"start":{"line":55,"column":21},"end":{"line":55,"column":42}},"21":{"start":{"line":56,"column":2},"end":{"line":67,"column":20}},"22":{"start":{"line":57,"column":4},"end":{"line":65,"column":null}},"23":{"start":{"line":58,"column":6},"end":{"line":58,"column":53}},"24":{"start":{"line":59,"column":6},"end":{"line":64,"column":null}},"25":{"start":{"line":60,"column":8},"end":{"line":63,"column":10}},"26":{"start":{"line":66,"column":4},"end":{"line":66,"column":23}},"27":{"start":{"line":51,"column":0},"end":{"line":51,"column":16}}},"fnMap":{"0":{"name":"targetNotMissingValues","decl":{"start":{"line":11,"column":16},"end":{"line":11,"column":38}},"loc":{"start":{"line":11,"column":69},"end":{"line":22,"column":1}}},"1":{"name":"(anonymous_1)","decl":{"start":{"line":15,"column":37},"end":{"line":15,"column":38}},"loc":{"start":{"line":15,"column":41},"end":{"line":15,"column":47}}},"2":{"name":"targetNotHavingExtraValues","decl":{"start":{"line":30,"column":16},"end":{"line":30,"column":42}},"loc":{"start":{"line":32,"column":16},"end":{"line":43,"column":1}}},"3":{"name":"(anonymous_3)","decl":{"start":{"line":36,"column":37},"end":{"line":36,"column":38}},"loc":{"start":{"line":36,"column":41},"end":{"line":36,"column":47}}},"4":{"name":"schemaIsValid","decl":{"start":{"line":51,"column":16},"end":{"line":51,"column":29}},"loc":{"start":{"line":51,"column":44},"end":{"line":68,"column":1}}},"5":{"name":"(anonymous_5)","decl":{"start":{"line":56,"column":27},"end":{"line":56,"column":28}},"loc":{"start":{"line":56,"column":50},"end":{"line":67,"column":3}}}},"branchMap":{"0":{"loc":{"start":{"line":16,"column":2},"end":{"line":20,"column":null}},"type":"if","locations":[{"start":{"line":16,"column":2},"end":{"line":20,"column":null}},{"start":{"line":16,"column":2},"end":{"line":20,"column":null}}]},"1":{"loc":{"start":{"line":37,"column":2},"end":{"line":41,"column":null}},"type":"if","locations":[{"start":{"line":37,"column":2},"end":{"line":41,"column":null}},{"start":{"line":37,"column":2},"end":{"line":41,"column":null}}]},"2":{"loc":{"start":{"line":52,"column":2},"end":{"line":54,"column":null}},"type":"if","locations":[{"start":{"line":52,"column":2},"end":{"line":54,"column":null}},{"start":{"line":52,"column":2},"end":{"line":54,"column":null}}]},"3":{"loc":{"start":{"line":57,"column":4},"end":{"line":65,"column":null}},"type":"if","locations":[{"start":{"line":57,"column":4},"end":{"line":65,"column":null}},{"start":{"line":57,"column":4},"end":{"line":65,"column":null}}]},"4":{"loc":{"start":{"line":59,"column":6},"end":{"line":64,"column":null}},"type":"if","locations":[{"start":{"line":59,"column":6},"end":{"line":64,"column":null}},{"start":{"line":59,"column":6},"end":{"line":64,"column":null}}]}},"s":{"0":2,"1":2,"2":7,"3":7,"4":7,"5":25,"6":7,"7":1,"8":6,"9":2,"10":6,"11":6,"12":6,"13":21,"14":6,"15":1,"16":5,"17":2,"18":11,"19":2,"20":9,"21":9,"22":27,"23":27,"24":27,"25":1,"26":26,"27":2},"f":{"0":7,"1":25,"2":6,"3":21,"4":11,"5":27},"b":{"0":[1,6],"1":[1,5],"2":[2,9],"3":[27,0],"4":[1,26]}}
,"/Users/ralphdas/Dropbox/Projects/software-bastards/src/lib/validate.ts": {"path":"/Users/ralphdas/Dropbox/Projects/software-bastards/src/lib/validate.ts","statementMap":{"0":{"start":{"line":11,"column":21},"end":{"line":11,"column":40}},"1":{"start":{"line":12,"column":2},"end":{"line":20,"column":5}},"2":{"start":{"line":13,"column":24},"end":{"line":13,"column":35}},"3":{"start":{"line":14,"column":33},"end":{"line":14,"column":44}},"4":{"start":{"line":16,"column":6},"end":{"line":16,"column":63}},"5":{"start":{"line":18,"column":4},"end":{"line":18,"column":57}},"6":{"start":{"line":19,"column":4},"end":{"line":19,"column":26}},"7":{"start":{"line":21,"column":2},"end":{"line":21,"column":14}},"8":{"start":{"line":10,"column":0},"end":{"line":10,"column":16}},"9":{"start":{"line":35,"column":2},"end":{"line":57,"column":null}},"10":{"start":{"line":37,"column":6},"end":{"line":37,"column":47}},"11":{"start":{"line":40,"column":6},"end":{"line":40,"column":46}},"12":{"start":{"line":43,"column":6},"end":{"line":43,"column":46}},"13":{"start":{"line":46,"column":6},"end":{"line":46,"column":46}},"14":{"start":{"line":49,"column":6},"end":{"line":49,"column":44}},"15":{"start":{"line":52,"column":6},"end":{"line":52,"column":45}},"16":{"start":{"line":55,"column":6},"end":{"line":55,"column":19}},"17":{"start":{"line":61,"column":2},"end":{"line":65,"column":4}},"18":{"start":{"line":75,"column":2},"end":{"line":79,"column":4}},"19":{"start":{"line":74,"column":0},"end":{"line":74,"column":16}},"20":{"start":{"line":89,"column":2},"end":{"line":93,"column":4}},"21":{"start":{"line":88,"column":0},"end":{"line":88,"column":16}},"22":{"start":{"line":103,"column":2},"end":{"line":107,"column":4}},"23":{"start":{"line":102,"column":0},"end":{"line":102,"column":16}},"24":{"start":{"line":117,"column":2},"end":{"line":124,"column":4}},"25":{"start":{"line":116,"column":0},"end":{"line":116,"column":16}},"26":{"start":{"line":134,"column":2},"end":{"line":138,"column":4}},"27":{"start":{"line":133,"column":0},"end":{"line":133,"column":16}},"28":{"start":{"line":148,"column":2},"end":{"line":152,"column":4}},"29":{"start":{"line":147,"column":0},"end":{"line":147,"column":16}},"30":{"start":{"line":156,"column":2},"end":{"line":156,"column":54}}},"fnMap":{"0":{"name":"validateTargetObject","decl":{"start":{"line":10,"column":16},"end":{"line":10,"column":36}},"loc":{"start":{"line":10,"column":67},"end":{"line":22,"column":1}}},"1":{"name":"(anonymous_1)","decl":{"start":{"line":12,"column":21},"end":{"line":12,"column":22}},"loc":{"start":{"line":12,"column":25},"end":{"line":20,"column":3}}},"2":{"name":"validateTargetProperty","decl":{"start":{"line":31,"column":9},"end":{"line":31,"column":31}},"loc":{"start":{"line":33,"column":18},"end":{"line":58,"column":1}}},"3":{"name":"throwValidationError","decl":{"start":{"line":60,"column":9},"end":{"line":60,"column":29}},"loc":{"start":{"line":60,"column":67},"end":{"line":66,"column":1}}},"4":{"name":"checkForBooleanValue","decl":{"start":{"line":74,"column":16},"end":{"line":74,"column":36}},"loc":{"start":{"line":74,"column":53},"end":{"line":80,"column":1}}},"5":{"name":"checkForStringValue","decl":{"start":{"line":88,"column":16},"end":{"line":88,"column":35}},"loc":{"start":{"line":88,"column":52},"end":{"line":94,"column":1}}},"6":{"name":"checkForNumberValue","decl":{"start":{"line":102,"column":16},"end":{"line":102,"column":35}},"loc":{"start":{"line":102,"column":52},"end":{"line":108,"column":1}}},"7":{"name":"checkForObjectValue","decl":{"start":{"line":116,"column":16},"end":{"line":116,"column":35}},"loc":{"start":{"line":116,"column":52},"end":{"line":125,"column":1}}},"8":{"name":"checkForDateValue","decl":{"start":{"line":133,"column":16},"end":{"line":133,"column":33}},"loc":{"start":{"line":133,"column":50},"end":{"line":139,"column":1}}},"9":{"name":"checkForArrayValue","decl":{"start":{"line":147,"column":16},"end":{"line":147,"column":34}},"loc":{"start":{"line":147,"column":51},"end":{"line":153,"column":1}}},"10":{"name":"removeSlashes","decl":{"start":{"line":155,"column":9},"end":{"line":155,"column":22}},"loc":{"start":{"line":155,"column":36},"end":{"line":157,"column":1}}}},"branchMap":{"0":{"loc":{"start":{"line":18,"column":4},"end":{"line":18,"column":19}},"type":"binary-expr","locations":[{"start":{"line":18,"column":4},"end":{"line":18,"column":19}},{"start":{"line":18,"column":23},"end":{"line":18,"column":56}}]},"1":{"loc":{"start":{"line":36,"column":4},"end":{"line":38,"column":null}},"type":"switch","locations":[{"start":{"line":36,"column":4},"end":{"line":38,"column":null}},{"start":{"line":39,"column":4},"end":{"line":41,"column":null}},{"start":{"line":42,"column":4},"end":{"line":44,"column":null}},{"start":{"line":45,"column":4},"end":{"line":47,"column":null}},{"start":{"line":48,"column":4},"end":{"line":50,"column":null}},{"start":{"line":51,"column":4},"end":{"line":53,"column":null}},{"start":{"line":54,"column":4},"end":{"line":56,"column":null}}]},"2":{"loc":{"start":{"line":106,"column":13},"end":{"line":106,"column":44}},"type":"binary-expr","locations":[{"start":{"line":106,"column":13},"end":{"line":106,"column":44}},{"start":{"line":106,"column":48},"end":{"line":106,"column":67}}]},"3":{"loc":{"start":{"line":121,"column":6},"end":{"line":121,"column":37}},"type":"binary-expr","locations":[{"start":{"line":121,"column":6},"end":{"line":121,"column":37}},{"start":{"line":122,"column":6},"end":{"line":122,"column":33}},{"start":{"line":123,"column":6},"end":{"line":123,"column":36}}]}},"s":{"0":5,"1":5,"2":18,"3":18,"4":18,"5":18,"6":16,"7":3,"8":2,"9":18,"10":1,"11":9,"12":3,"13":3,"14":0,"15":2,"16":0,"17":2,"18":1,"19":2,"20":9,"21":2,"22":3,"23":2,"24":33,"25":2,"26":0,"27":2,"28":2,"29":2,"30":2},"f":{"0":5,"1":18,"2":18,"3":2,"4":1,"5":9,"6":3,"7":33,"8":0,"9":2,"10":2},"b":{"0":[18,2],"1":[1,9,3,3,0,2,0],"2":[3,2],"3":[33,32,29]}}
,"/Users/ralphdas/Dropbox/Projects/software-bastards/test/schemas/index.ts": {"path":"/Users/ralphdas/Dropbox/Projects/software-bastards/test/schemas/index.ts","statementMap":{"0":{"start":{"line":1,"column":13},"end":{"line":5,"column":2}},"1":{"start":{"line":7,"column":13},"end":{"line":12,"column":2}},"2":{"start":{"line":14,"column":13},"end":{"line":20,"column":2}}},"fnMap":{},"branchMap":{},"s":{"0":1,"1":1,"2":1},"f":{},"b":{}}
}
