{"total": {"lines":{"total":88,"covered":88,"skipped":0,"pct":100},"statements":{"total":92,"covered":92,"skipped":0,"pct":100},"functions":{"total":18,"covered":18,"skipped":0,"pct":100},"branches":{"total":42,"covered":40,"skipped":0,"pct":95.24}}
,"/Users/ralphdas/Dropbox/Projects/software-bastards/src/index.ts": {"lines":{"total":19,"covered":19,"skipped":0,"pct":100},"functions":{"total":1,"covered":1,"skipped":0,"pct":100},"statements":{"total":21,"covered":21,"skipped":0,"pct":100},"branches":{"total":12,"covered":12,"skipped":0,"pct":100}}
,"/Users/ralphdas/Dropbox/Projects/software-bastards/src/lib/config.ts": {"lines":{"total":2,"covered":2,"skipped":0,"pct":100},"functions":{"total":0,"covered":0,"skipped":0,"pct":100},"statements":{"total":2,"covered":2,"skipped":0,"pct":100},"branches":{"total":0,"covered":0,"skipped":0,"pct":100}}
,"/Users/ralphdas/Dropbox/Projects/software-bastards/src/lib/precheck.ts": {"lines":{"total":26,"covered":26,"skipped":0,"pct":100},"functions":{"total":6,"covered":6,"skipped":0,"pct":100},"statements":{"total":28,"covered":28,"skipped":0,"pct":100},"branches":{"total":10,"covered":9,"skipped":0,"pct":90}}
,"/Users/ralphdas/Dropbox/Projects/software-bastards/src/lib/validate.ts": {"lines":{"total":38,"covered":38,"skipped":0,"pct":100},"functions":{"total":11,"covered":11,"skipped":0,"pct":100},"statements":{"total":38,"covered":38,"skipped":0,"pct":100},"branches":{"total":20,"covered":19,"skipped":0,"pct":95}}
,"/Users/ralphdas/Dropbox/Projects/software-bastards/test/schemas/index.ts": {"lines":{"total":3,"covered":3,"skipped":0,"pct":100},"functions":{"total":0,"covered":0,"skipped":0,"pct":100},"statements":{"total":3,"covered":3,"skipped":0,"pct":100},"branches":{"total":0,"covered":0,"skipped":0,"pct":100}}
}
