{"/Users/ralphdas/Dropbox/Projects/software-bastards/src/index.ts": {"path":"/Users/ralphdas/Dropbox/Projects/software-bastards/src/index.ts","statementMap":{"0":{"start":{"line":1,"column":0},"end":{"line":1,"column":47}},"1":{"start":{"line":2,"column":0},"end":{"line":2,"column":null}},"2":{"start":{"line":8,"column":0},"end":{"line":8,"column":75}},"3":{"start":{"line":9,"column":0},"end":{"line":9,"column":53}},"4":{"start":{"line":20,"column":2},"end":{"line":26,"column":null}},"5":{"start":{"line":21,"column":4},"end":{"line":21,"column":52}},"6":{"start":{"line":23,"column":4},"end":{"line":25,"column":6}},"7":{"start":{"line":28,"column":2},"end":{"line":30,"column":null}},"8":{"start":{"line":29,"column":4},"end":{"line":29,"column":61}},"9":{"start":{"line":32,"column":64},"end":{"line":34,"column":null}},"10":{"start":{"line":32,"column":28},"end":{"line":32,"column":30}},"11":{"start":{"line":32,"column":50},"end":{"line":32,"column":64}},"12":{"start":{"line":36,"column":2},"end":{"line":38,"column":null}},"13":{"start":{"line":37,"column":4},"end":{"line":37,"column":59}},"14":{"start":{"line":39,"column":2},"end":{"line":41,"column":null}},"15":{"start":{"line":40,"column":4},"end":{"line":40,"column":59}},"16":{"start":{"line":43,"column":2},"end":{"line":43,"column":67}},"17":{"start":{"line":44,"column":2},"end":{"line":44,"column":69}},"18":{"start":{"line":46,"column":2},"end":{"line":46,"column":46}},"19":{"start":{"line":18,"column":0},"end":{"line":18,"column":16}},"20":{"start":{"line":49,"column":13},"end":{"line":49,"column":39}}},"fnMap":{"0":{"name":"validate","decl":{"start":{"line":18,"column":16},"end":{"line":18,"column":24}},"loc":{"start":{"line":18,"column":47},"end":{"line":47,"column":1}}}},"branchMap":{"0":{"loc":{"start":{"line":21,"column":33},"end":{"line":21,"column":35}},"type":"cond-expr","locations":[{"start":{"line":21,"column":33},"end":{"line":21,"column":35}},{"start":{"line":21,"column":35},"end":{"line":21,"column":40}}]},"1":{"loc":{"start":{"line":28,"column":2},"end":{"line":30,"column":null}},"type":"if","locations":[{"start":{"line":28,"column":2},"end":{"line":30,"column":null}},{"start":{"line":28,"column":2},"end":{"line":30,"column":null}}]},"2":{"loc":{"start":{"line":36,"column":2},"end":{"line":38,"column":null}},"type":"if","locations":[{"start":{"line":36,"column":2},"end":{"line":38,"column":null}},{"start":{"line":36,"column":2},"end":{"line":38,"column":null}}]},"3":{"loc":{"start":{"line":39,"column":2},"end":{"line":41,"column":null}},"type":"if","locations":[{"start":{"line":39,"column":2},"end":{"line":41,"column":null}},{"start":{"line":39,"column":2},"end":{"line":41,"column":null}}]},"4":{"loc":{"start":{"line":43,"column":2},"end":{"line":43,"column":23}},"type":"binary-expr","locations":[{"start":{"line":43,"column":2},"end":{"line":43,"column":23}},{"start":{"line":43,"column":27},"end":{"line":43,"column":66}}]},"5":{"loc":{"start":{"line":44,"column":2},"end":{"line":44,"column":21}},"type":"binary-expr","locations":[{"start":{"line":44,"column":2},"end":{"line":44,"column":21}},{"start":{"line":44,"column":25},"end":{"line":44,"column":68}}]}},"s":{"0":2,"1":2,"2":2,"3":2,"4":13,"5":13,"6":1,"7":12,"8":1,"9":11,"10":11,"11":11,"12":11,"13":2,"14":8,"15":1,"16":7,"17":6,"18":5,"19":2,"20":2},"f":{"0":13},"b":{"0":[11,1],"1":[1,11],"2":[2,8],"3":[1,7],"4":[7,7],"5":[6,6]}}
,"/Users/ralphdas/Dropbox/Projects/software-bastards/src/lib/config.ts": {"path":"/Users/ralphdas/Dropbox/Projects/software-bastards/src/lib/config.ts","statementMap":{"0":{"start":{"line":2,"column":13},"end":{"line":9,"column":2}},"1":{"start":{"line":12,"column":13},"end":{"line":15,"column":2}}},"fnMap":{},"branchMap":{},"s":{"0":2,"1":2},"f":{},"b":{}}
,"/Users/ralphdas/Dropbox/Projects/software-bastards/src/lib/precheck.ts": {"path":"/Users/ralphdas/Dropbox/Projects/software-bastards/src/lib/precheck.ts","statementMap":{"0":{"start":{"line":1,"column":0},"end":{"line":1,"column":40}},"1":{"start":{"line":3,"column":0},"end":{"line":3,"column":49}},"2":{"start":{"line":12,"column":21},"end":{"line":12,"column":40}},"3":{"start":{"line":13,"column":21},"end":{"line":13,"column":40}},"4":{"start":{"line":15,"column":19},"end":{"line":15,"column":72}},"5":{"start":{"line":15,"column":46},"end":{"line":15,"column":72}},"6":{"start":{"line":16,"column":2},"end":{"line":20,"column":null}},"7":{"start":{"line":17,"column":4},"end":{"line":19,"column":6}},"8":{"start":{"line":21,"column":2},"end":{"line":21,"column":14}},"9":{"start":{"line":11,"column":0},"end":{"line":11,"column":16}},"10":{"start":{"line":34,"column":21},"end":{"line":34,"column":40}},"11":{"start":{"line":35,"column":21},"end":{"line":35,"column":40}},"12":{"start":{"line":36,"column":19},"end":{"line":36,"column":72}},"13":{"start":{"line":36,"column":46},"end":{"line":36,"column":72}},"14":{"start":{"line":37,"column":2},"end":{"line":41,"column":null}},"15":{"start":{"line":38,"column":4},"end":{"line":40,"column":6}},"16":{"start":{"line":42,"column":2},"end":{"line":42,"column":14}},"17":{"start":{"line":30,"column":0},"end":{"line":30,"column":16}},"18":{"start":{"line":52,"column":2},"end":{"line":54,"column":null}},"19":{"start":{"line":53,"column":4},"end":{"line":53,"column":17}},"20":{"start":{"line":55,"column":21},"end":{"line":55,"column":42}},"21":{"start":{"line":56,"column":2},"end":{"line":67,"column":20}},"22":{"start":{"line":57,"column":4},"end":{"line":65,"column":null}},"23":{"start":{"line":58,"column":6},"end":{"line":58,"column":53}},"24":{"start":{"line":59,"column":6},"end":{"line":64,"column":null}},"25":{"start":{"line":60,"column":8},"end":{"line":63,"column":10}},"26":{"start":{"line":66,"column":4},"end":{"line":66,"column":23}},"27":{"start":{"line":51,"column":0},"end":{"line":51,"column":16}}},"fnMap":{"0":{"name":"targetNotMissingValues","decl":{"start":{"line":11,"column":16},"end":{"line":11,"column":38}},"loc":{"start":{"line":11,"column":69},"end":{"line":22,"column":1}}},"1":{"name":"(anonymous_1)","decl":{"start":{"line":15,"column":37},"end":{"line":15,"column":38}},"loc":{"start":{"line":15,"column":41},"end":{"line":15,"column":47}}},"2":{"name":"targetNotHavingExtraValues","decl":{"start":{"line":30,"column":16},"end":{"line":30,"column":42}},"loc":{"start":{"line":32,"column":16},"end":{"line":43,"column":1}}},"3":{"name":"(anonymous_3)","decl":{"start":{"line":36,"column":37},"end":{"line":36,"column":38}},"loc":{"start":{"line":36,"column":41},"end":{"line":36,"column":47}}},"4":{"name":"schemaIsValid","decl":{"start":{"line":51,"column":16},"end":{"line":51,"column":29}},"loc":{"start":{"line":51,"column":44},"end":{"line":68,"column":1}}},"5":{"name":"(anonymous_5)","decl":{"start":{"line":56,"column":27},"end":{"line":56,"column":28}},"loc":{"start":{"line":56,"column":50},"end":{"line":67,"column":3}}}},"branchMap":{"0":{"loc":{"start":{"line":16,"column":2},"end":{"line":20,"column":null}},"type":"if","locations":[{"start":{"line":16,"column":2},"end":{"line":20,"column":null}},{"start":{"line":16,"column":2},"end":{"line":20,"column":null}}]},"1":{"loc":{"start":{"line":37,"column":2},"end":{"line":41,"column":null}},"type":"if","locations":[{"start":{"line":37,"column":2},"end":{"line":41,"column":null}},{"start":{"line":37,"column":2},"end":{"line":41,"column":null}}]},"2":{"loc":{"start":{"line":52,"column":2},"end":{"line":54,"column":null}},"type":"if","locations":[{"start":{"line":52,"column":2},"end":{"line":54,"column":null}},{"start":{"line":52,"column":2},"end":{"line":54,"column":null}}]},"3":{"loc":{"start":{"line":57,"column":4},"end":{"line":65,"column":null}},"type":"if","locations":[{"start":{"line":57,"column":4},"end":{"line":65,"column":null}},{"start":{"line":57,"column":4},"end":{"line":65,"column":null}}]},"4":{"loc":{"start":{"line":59,"column":6},"end":{"line":64,"column":null}},"type":"if","locations":[{"start":{"line":59,"column":6},"end":{"line":64,"column":null}},{"start":{"line":59,"column":6},"end":{"line":64,"column":null}}]}},"s":{"0":2,"1":2,"2":7,"3":7,"4":7,"5":27,"6":7,"7":1,"8":6,"9":2,"10":6,"11":6,"12":6,"13":22,"14":6,"15":1,"16":5,"17":2,"18":11,"19":2,"20":9,"21":9,"22":29,"23":29,"24":29,"25":1,"26":28,"27":2},"f":{"0":7,"1":27,"2":6,"3":22,"4":11,"5":29},"b":{"0":[1,6],"1":[1,5],"2":[2,9],"3":[29,0],"4":[1,28]}}
,"/Users/ralphdas/Dropbox/Projects/software-bastards/src/lib/validate.ts": {"path":"/Users/ralphdas/Dropbox/Projects/software-bastards/src/lib/validate.ts","statementMap":{"0":{"start":{"line":11,"column":21},"end":{"line":11,"column":40}},"1":{"start":{"line":12,"column":28},"end":{"line":12,"column":32}},"2":{"start":{"line":13,"column":2},"end":{"line":33,"column":5}},"3":{"start":{"line":14,"column":24},"end":{"line":14,"column":35}},"4":{"start":{"line":16,"column":4},"end":{"line":20,"column":null}},"5":{"start":{"line":17,"column":6},"end":{"line":19,"column":8}},"6":{"start":{"line":21,"column":33},"end":{"line":21,"column":44}},"7":{"start":{"line":22,"column":19},"end":{"line":22,"column":76}},"8":{"start":{"line":23,"column":4},"end":{"line":32,"column":null}},"9":{"start":{"line":25,"column":6},"end":{"line":25,"column":25}},"10":{"start":{"line":27,"column":47},"end":{"line":27,"column":53}},"11":{"start":{"line":28,"column":6},"end":{"line":28,"column":79}},"12":{"start":{"line":29,"column":6},"end":{"line":31,"column":null}},"13":{"start":{"line":30,"column":8},"end":{"line":30,"column":46}},"14":{"start":{"line":34,"column":2},"end":{"line":34,"column":20}},"15":{"start":{"line":10,"column":0},"end":{"line":10,"column":16}},"16":{"start":{"line":48,"column":2},"end":{"line":70,"column":null}},"17":{"start":{"line":50,"column":6},"end":{"line":50,"column":47}},"18":{"start":{"line":53,"column":6},"end":{"line":53,"column":46}},"19":{"start":{"line":56,"column":6},"end":{"line":56,"column":46}},"20":{"start":{"line":59,"column":6},"end":{"line":59,"column":46}},"21":{"start":{"line":62,"column":6},"end":{"line":62,"column":44}},"22":{"start":{"line":65,"column":6},"end":{"line":65,"column":45}},"23":{"start":{"line":68,"column":6},"end":{"line":68,"column":19}},"24":{"start":{"line":74,"column":2},"end":{"line":78,"column":4}},"25":{"start":{"line":88,"column":2},"end":{"line":92,"column":4}},"26":{"start":{"line":87,"column":0},"end":{"line":87,"column":16}},"27":{"start":{"line":102,"column":2},"end":{"line":106,"column":4}},"28":{"start":{"line":101,"column":0},"end":{"line":101,"column":16}},"29":{"start":{"line":116,"column":2},"end":{"line":120,"column":4}},"30":{"start":{"line":115,"column":0},"end":{"line":115,"column":16}},"31":{"start":{"line":130,"column":2},"end":{"line":137,"column":4}},"32":{"start":{"line":129,"column":0},"end":{"line":129,"column":16}},"33":{"start":{"line":147,"column":2},"end":{"line":151,"column":4}},"34":{"start":{"line":146,"column":0},"end":{"line":146,"column":16}},"35":{"start":{"line":161,"column":2},"end":{"line":165,"column":4}},"36":{"start":{"line":160,"column":0},"end":{"line":160,"column":16}},"37":{"start":{"line":169,"column":2},"end":{"line":169,"column":54}}},"fnMap":{"0":{"name":"validateTargetObject","decl":{"start":{"line":10,"column":16},"end":{"line":10,"column":36}},"loc":{"start":{"line":10,"column":67},"end":{"line":35,"column":1}}},"1":{"name":"(anonymous_1)","decl":{"start":{"line":13,"column":21},"end":{"line":13,"column":22}},"loc":{"start":{"line":13,"column":25},"end":{"line":33,"column":3}}},"2":{"name":"validateTargetProperty","decl":{"start":{"line":44,"column":9},"end":{"line":44,"column":31}},"loc":{"start":{"line":46,"column":18},"end":{"line":71,"column":1}}},"3":{"name":"throwValidationError","decl":{"start":{"line":73,"column":9},"end":{"line":73,"column":29}},"loc":{"start":{"line":73,"column":67},"end":{"line":79,"column":1}}},"4":{"name":"checkForbooleanValue","decl":{"start":{"line":87,"column":16},"end":{"line":87,"column":36}},"loc":{"start":{"line":87,"column":53},"end":{"line":93,"column":1}}},"5":{"name":"checkForStringValue","decl":{"start":{"line":101,"column":16},"end":{"line":101,"column":35}},"loc":{"start":{"line":101,"column":52},"end":{"line":107,"column":1}}},"6":{"name":"checkForNumberValue","decl":{"start":{"line":115,"column":16},"end":{"line":115,"column":35}},"loc":{"start":{"line":115,"column":52},"end":{"line":121,"column":1}}},"7":{"name":"checkForObjectValue","decl":{"start":{"line":129,"column":16},"end":{"line":129,"column":35}},"loc":{"start":{"line":129,"column":52},"end":{"line":138,"column":1}}},"8":{"name":"checkForDateValue","decl":{"start":{"line":146,"column":16},"end":{"line":146,"column":33}},"loc":{"start":{"line":146,"column":50},"end":{"line":152,"column":1}}},"9":{"name":"checkForArrayValue","decl":{"start":{"line":160,"column":16},"end":{"line":160,"column":34}},"loc":{"start":{"line":160,"column":51},"end":{"line":166,"column":1}}},"10":{"name":"removeSlashes","decl":{"start":{"line":168,"column":9},"end":{"line":168,"column":22}},"loc":{"start":{"line":168,"column":36},"end":{"line":170,"column":1}}}},"branchMap":{"0":{"loc":{"start":{"line":16,"column":4},"end":{"line":20,"column":null}},"type":"if","locations":[{"start":{"line":16,"column":4},"end":{"line":20,"column":null}},{"start":{"line":16,"column":4},"end":{"line":20,"column":null}}]},"1":{"loc":{"start":{"line":23,"column":4},"end":{"line":32,"column":null}},"type":"if","locations":[{"start":{"line":23,"column":4},"end":{"line":32,"column":null}},{"start":{"line":23,"column":4},"end":{"line":32,"column":null}}]},"2":{"loc":{"start":{"line":28,"column":6},"end":{"line":28,"column":31}},"type":"binary-expr","locations":[{"start":{"line":28,"column":6},"end":{"line":28,"column":31}},{"start":{"line":28,"column":35},"end":{"line":28,"column":78}}]},"3":{"loc":{"start":{"line":29,"column":6},"end":{"line":31,"column":null}},"type":"if","locations":[{"start":{"line":29,"column":6},"end":{"line":31,"column":null}},{"start":{"line":29,"column":6},"end":{"line":31,"column":null}}]},"4":{"loc":{"start":{"line":49,"column":4},"end":{"line":51,"column":null}},"type":"switch","locations":[{"start":{"line":49,"column":4},"end":{"line":51,"column":null}},{"start":{"line":52,"column":4},"end":{"line":54,"column":null}},{"start":{"line":55,"column":4},"end":{"line":57,"column":null}},{"start":{"line":58,"column":4},"end":{"line":60,"column":null}},{"start":{"line":61,"column":4},"end":{"line":63,"column":null}},{"start":{"line":64,"column":4},"end":{"line":66,"column":null}},{"start":{"line":67,"column":4},"end":{"line":69,"column":null}}]},"5":{"loc":{"start":{"line":119,"column":13},"end":{"line":119,"column":44}},"type":"binary-expr","locations":[{"start":{"line":119,"column":13},"end":{"line":119,"column":44}},{"start":{"line":119,"column":48},"end":{"line":119,"column":67}}]},"6":{"loc":{"start":{"line":134,"column":6},"end":{"line":134,"column":37}},"type":"binary-expr","locations":[{"start":{"line":134,"column":6},"end":{"line":134,"column":37}},{"start":{"line":135,"column":6},"end":{"line":135,"column":33}},{"start":{"line":136,"column":6},"end":{"line":136,"column":36}}]}},"s":{"0":7,"1":7,"2":7,"3":21,"4":21,"5":1,"6":20,"7":20,"8":20,"9":1,"10":19,"11":19,"12":17,"13":17,"14":4,"15":2,"16":20,"17":1,"18":9,"19":3,"20":3,"21":1,"22":2,"23":1,"24":2,"25":1,"26":2,"27":9,"28":2,"29":3,"30":2,"31":34,"32":2,"33":1,"34":2,"35":2,"36":2,"37":2},"f":{"0":7,"1":21,"2":20,"3":2,"4":1,"5":9,"6":3,"7":34,"8":1,"9":2,"10":2},"b":{"0":[1,20],"1":[1,19],"2":[19,2],"3":[17,0],"4":[1,9,3,3,1,2,1],"5":[3,2],"6":[34,33,29]}}
,"/Users/ralphdas/Dropbox/Projects/software-bastards/test/schemas/index.ts": {"path":"/Users/ralphdas/Dropbox/Projects/software-bastards/test/schemas/index.ts","statementMap":{"0":{"start":{"line":1,"column":13},"end":{"line":5,"column":2}},"1":{"start":{"line":7,"column":13},"end":{"line":12,"column":2}},"2":{"start":{"line":14,"column":13},"end":{"line":21,"column":2}}},"fnMap":{},"branchMap":{},"s":{"0":1,"1":1,"2":1},"f":{},"b":{}}
}
