TN:
SF:src/index.ts
FN:18,validate
FNF:1
FNH:1
FNDA:13,validate
DA:1,2
DA:2,2
DA:8,2
DA:9,2
DA:18,2
DA:20,13
DA:21,13
DA:23,1
DA:28,12
DA:29,1
DA:32,11
DA:36,11
DA:37,2
DA:39,8
DA:40,1
DA:43,7
DA:44,6
DA:46,5
DA:49,2
LF:19
LH:19
BRDA:21,0,0,11
BRDA:21,0,1,1
BRDA:28,1,0,1
BRDA:28,1,1,11
BRDA:36,2,0,2
BRDA:36,2,1,8
BRDA:39,3,0,1
BRDA:39,3,1,7
BRDA:43,4,0,7
BRDA:43,4,1,7
BRDA:44,5,0,6
BRDA:44,5,1,6
BRF:12
BRH:12
end_of_record
TN:
SF:src/lib/config.ts
FNF:0
FNH:0
DA:2,2
DA:12,2
LF:2
LH:2
BRF:0
BRH:0
end_of_record
TN:
SF:src/lib/precheck.ts
FN:11,targetNotMissingValues
FN:15,(anonymous_1)
FN:30,targetNotHavingExtraValues
FN:36,(anonymous_3)
FN:51,schemaIsValid
FN:56,(anonymous_5)
FNF:6
FNH:6
FNDA:7,targetNotMissingValues
FNDA:27,(anonymous_1)
FNDA:6,targetNotHavingExtraValues
FNDA:22,(anonymous_3)
FNDA:11,schemaIsValid
FNDA:29,(anonymous_5)
DA:1,2
DA:3,2
DA:11,2
DA:12,7
DA:13,7
DA:15,27
DA:16,7
DA:17,1
DA:21,6
DA:30,2
DA:34,6
DA:35,6
DA:36,22
DA:37,6
DA:38,1
DA:42,5
DA:51,2
DA:52,11
DA:53,2
DA:55,9
DA:56,9
DA:57,29
DA:58,29
DA:59,29
DA:60,1
DA:66,28
LF:26
LH:26
BRDA:16,0,0,1
BRDA:16,0,1,6
BRDA:37,1,0,1
BRDA:37,1,1,5
BRDA:52,2,0,2
BRDA:52,2,1,9
BRDA:57,3,0,29
BRDA:57,3,1,0
BRDA:59,4,0,1
BRDA:59,4,1,28
BRF:10
BRH:9
end_of_record
TN:
SF:src/lib/validate.ts
FN:10,validateTargetObject
FN:13,(anonymous_1)
FN:44,validateTargetProperty
FN:73,throwValidationError
FN:87,checkForbooleanValue
FN:101,checkForStringValue
FN:115,checkForNumberValue
FN:129,checkForObjectValue
FN:146,checkForDateValue
FN:160,checkForArrayValue
FN:168,removeSlashes
FNF:11
FNH:11
FNDA:7,validateTargetObject
FNDA:21,(anonymous_1)
FNDA:20,validateTargetProperty
FNDA:2,throwValidationError
FNDA:1,checkForbooleanValue
FNDA:9,checkForStringValue
FNDA:3,checkForNumberValue
FNDA:34,checkForObjectValue
FNDA:1,checkForDateValue
FNDA:2,checkForArrayValue
FNDA:2,removeSlashes
DA:10,2
DA:11,7
DA:12,7
DA:13,7
DA:14,21
DA:16,21
DA:17,1
DA:21,20
DA:22,20
DA:23,20
DA:25,1
DA:27,19
DA:28,19
DA:29,17
DA:30,17
DA:34,4
DA:48,20
DA:50,1
DA:53,9
DA:56,3
DA:59,3
DA:62,1
DA:65,2
DA:68,1
DA:74,2
DA:87,2
DA:88,1
DA:101,2
DA:102,9
DA:115,2
DA:116,3
DA:129,2
DA:130,34
DA:146,2
DA:147,1
DA:160,2
DA:161,2
DA:169,2
LF:38
LH:38
BRDA:16,0,0,1
BRDA:16,0,1,20
BRDA:23,1,0,1
BRDA:23,1,1,19
BRDA:28,2,0,19
BRDA:28,2,1,2
BRDA:29,3,0,17
BRDA:29,3,1,0
BRDA:49,4,0,1
BRDA:49,4,1,9
BRDA:49,4,2,3
BRDA:49,4,3,3
BRDA:49,4,4,1
BRDA:49,4,5,2
BRDA:49,4,6,1
BRDA:119,5,0,3
BRDA:119,5,1,2
BRDA:134,6,0,34
BRDA:134,6,1,33
BRDA:134,6,2,29
BRF:20
BRH:19
end_of_record
TN:
SF:test/schemas/index.ts
FNF:0
FNH:0
DA:1,1
DA:7,1
DA:14,1
LF:3
LH:3
BRF:0
BRH:0
end_of_record
