TN:
SF:src/index.ts
FN:18,validate
FNF:1
FNH:1
FNDA:12,validate
DA:1,2
DA:2,2
DA:8,2
DA:9,2
DA:18,2
DA:20,12
DA:21,12
DA:23,1
DA:28,11
DA:29,0
DA:32,11
DA:36,11
DA:37,2
DA:39,8
DA:40,1
DA:42,7
DA:43,0
DA:45,6
DA:46,0
DA:48,5
DA:51,2
LF:21
LH:18
BRDA:21,0,0,11
BRDA:21,0,1,0
BRDA:28,1,0,0
BRDA:28,1,1,11
BRDA:36,2,0,2
BRDA:36,2,1,8
BRDA:39,3,0,1
BRDA:39,3,1,7
BRDA:42,4,0,0
BRDA:42,4,1,6
BRDA:42,5,0,7
BRDA:42,5,1,7
BRDA:45,6,0,0
BRDA:45,6,1,5
BRDA:45,7,0,6
BRDA:45,7,1,6
BRF:16
BRH:12
end_of_record
TN:
SF:src/lib/config.ts
FNF:0
FNH:0
DA:2,2
DA:12,2
LF:2
LH:2
BRF:0
BRH:0
end_of_record
TN:
SF:src/lib/precheck.ts
FN:11,targetNotMissingValues
FN:15,(anonymous_1)
FN:30,targetNotHavingExtraValues
FN:36,(anonymous_3)
FN:51,schemaIsValid
FN:56,(anonymous_5)
FNF:6
FNH:6
FNDA:7,targetNotMissingValues
FNDA:25,(anonymous_1)
FNDA:6,targetNotHavingExtraValues
FNDA:21,(anonymous_3)
FNDA:11,schemaIsValid
FNDA:27,(anonymous_5)
DA:1,2
DA:3,2
DA:11,2
DA:12,7
DA:13,7
DA:15,25
DA:16,7
DA:17,1
DA:21,6
DA:30,2
DA:34,6
DA:35,6
DA:36,21
DA:37,6
DA:38,1
DA:42,5
DA:51,2
DA:52,11
DA:53,2
DA:55,9
DA:56,9
DA:57,27
DA:58,27
DA:59,27
DA:60,1
DA:66,26
LF:26
LH:26
BRDA:16,0,0,1
BRDA:16,0,1,6
BRDA:37,1,0,1
BRDA:37,1,1,5
BRDA:52,2,0,2
BRDA:52,2,1,9
BRDA:57,3,0,27
BRDA:57,3,1,0
BRDA:59,4,0,1
BRDA:59,4,1,26
BRF:10
BRH:9
end_of_record
TN:
SF:src/lib/validate.ts
FN:10,validateTargetObject
FN:12,(anonymous_1)
FN:31,validateTargetProperty
FN:60,throwValidationError
FN:74,checkForBooleanValue
FN:88,checkForStringValue
FN:102,checkForNumberValue
FN:116,checkForObjectValue
FN:133,checkForDateValue
FN:147,checkForArrayValue
FN:155,removeSlashes
FNF:11
FNH:10
FNDA:5,validateTargetObject
FNDA:18,(anonymous_1)
FNDA:18,validateTargetProperty
FNDA:2,throwValidationError
FNDA:1,checkForBooleanValue
FNDA:9,checkForStringValue
FNDA:3,checkForNumberValue
FNDA:33,checkForObjectValue
FNDA:0,checkForDateValue
FNDA:2,checkForArrayValue
FNDA:2,removeSlashes
DA:10,2
DA:11,5
DA:12,5
DA:13,18
DA:14,18
DA:16,18
DA:18,18
DA:19,16
DA:21,3
DA:35,18
DA:37,1
DA:40,9
DA:43,3
DA:46,3
DA:49,0
DA:52,2
DA:55,0
DA:61,2
DA:74,2
DA:75,1
DA:88,2
DA:89,9
DA:102,2
DA:103,3
DA:116,2
DA:117,33
DA:133,2
DA:134,0
DA:147,2
DA:148,2
DA:156,2
LF:31
LH:28
BRDA:18,0,0,18
BRDA:18,0,1,2
BRDA:36,1,0,1
BRDA:36,1,1,9
BRDA:36,1,2,3
BRDA:36,1,3,3
BRDA:36,1,4,0
BRDA:36,1,5,2
BRDA:36,1,6,0
BRDA:106,2,0,3
BRDA:106,2,1,2
BRDA:121,3,0,33
BRDA:121,3,1,32
BRDA:121,3,2,29
BRF:14
BRH:12
end_of_record
TN:
SF:test/schemas/index.ts
FNF:0
FNH:0
DA:1,1
DA:7,1
DA:14,1
LF:3
LH:3
BRF:0
BRH:0
end_of_record
